17:48:26,366  INFO http-nio-8080-exec-8 AccountDAO:doFilter:29 - meIuthorize
17:50:13,112  INFO http-nio-8080-exec-7 AccountDAO:doFilter:30 - meIuthorize
17:50:13,114  INFO http-nio-8080-exec-7 AccountDAO:doFilter:32 - C:\Program Files\Apache Software Foundation\Tomcat 9.0\bin\file.txt
19:11:38,817  INFO http-nio-8080-exec-6 AccountDAO:doFilter:30 - meIuthorize
19:11:38,820  INFO http-nio-8080-exec-6 AccountDAO:doFilter:32 - D:\programming\Tomcat 9.0\bin\file.txt
19:54:04,225  INFO http-nio-8080-exec-6 AccountDAO:doFilter:30 - meIuthorize
19:54:04,230  INFO http-nio-8080-exec-6 AccountDAO:doFilter:32 - D:\programming\Tomcat 9.0\bin\file.txt
20:51:15,718  INFO http-nio-8080-exec-6 ConnectionPool:getInstance:24 - Connection pool was created
20:51:16,669  INFO http-nio-8080-exec-6 AccountDAO:doFilter:37 - User jahimees logged in
20:52:48,040  INFO http-nio-8080-exec-6 ConnectionPool:getInstance:24 - Connection pool was created
20:52:48,451  INFO http-nio-8080-exec-6 AccountDAO:doFilter:37 - User jahimees logged in
20:52:53,323  INFO http-nio-8080-exec-9 AccountDAO:doGet:24 - User jahimees logged out
20:52:59,168  INFO http-nio-8080-exec-2 AccountDAO:doFilter:37 - User jahimees logged in
20:54:17,566  INFO http-nio-8080-exec-6 AccountDAO:doPost:40 - New vacancy was created: Преподаватель Java-core
20:55:03,497  INFO http-nio-8080-exec-4 AccountDAO:doPost:40 - New vacancy was created: ыыафыва
22:58:11,145  INFO http-nio-8080-exec-6 ConnectionPool:getInstance:24 - Connection pool was created
22:58:11,492  INFO http-nio-8080-exec-6 AccountDAO:doFilter:37 - User jahimees logged in
23:00:59,499  INFO http-nio-8080-exec-2 ConnectionPool:getInstance:24 - Connection pool was created
23:01:04,464  INFO http-nio-8080-exec-3 AccountDAO:doGet:24 - User jahimees logged out
23:02:57,535  INFO http-nio-8080-exec-6 ConnectionPool:getInstance:24 - Connection pool was created
23:05:42,519  INFO http-nio-8080-exec-6 ConnectionPool:getInstance:24 - Connection pool was created
23:07:03,854  INFO http-nio-8080-exec-5 ConnectionPool:getInstance:24 - Connection pool was created
23:07:53,474  INFO http-nio-8080-exec-5 ConnectionPool:getInstance:24 - Connection pool was created
23:08:00,878  INFO http-nio-8080-exec-9 AccountDAO:doGet:24 - User jahimees logged out
23:15:23,991  INFO http-nio-8080-exec-5 ConnectionPool:getInstance:24 - Connection pool was created
23:15:29,272  INFO http-nio-8080-exec-8 AccountDAO:doGet:24 - User jahimees logged out
23:21:13,975  INFO http-nio-8080-exec-3 ConnectionPool:getInstance:24 - Connection pool was created
23:28:26,265  INFO http-nio-8080-exec-4 ConnectionPool:getInstance:24 - Connection pool was created
23:28:34,963  INFO http-nio-8080-exec-3 AccountDAO:doGet:24 - User jahimees logged out
23:28:58,863  INFO http-nio-8080-exec-8 AccountDAO:doGet:24 - User Kaktus logged out
23:31:26,191  INFO http-nio-8080-exec-5 ConnectionPool:getInstance:24 - Connection pool was created
23:31:49,928  INFO http-nio-8080-exec-3 AccountDAO:doGet:24 - User jahimees logged out
23:35:18,040  INFO http-nio-8080-exec-5 ConnectionPool:getInstance:24 - Connection pool was created
23:46:49,557  INFO http-nio-8080-exec-8 ConnectionPool:getInstance:24 - Connection pool was created
23:50:40,682  INFO http-nio-8080-exec-5 ConnectionPool:getInstance:24 - Connection pool was created
00:07:37,804  INFO http-nio-8080-exec-5 ConnectionPool:getInstance:24 - Connection pool was created
00:10:29,204  INFO http-nio-8080-exec-5 ConnectionPool:getInstance:24 - Connection pool was created
00:10:53,292  WARN http-nio-8080-exec-3 AccountDAO:doFilter:40 - This instance of selection already exists in DataBase
00:18:05,613  INFO http-nio-8080-exec-6 ConnectionPool:getInstance:24 - Connection pool was created
00:22:25,056  INFO http-nio-8080-exec-5 ConnectionPool:getInstance:24 - Connection pool was created
00:27:00,209  INFO http-nio-8080-exec-5 ConnectionPool:getInstance:24 - Connection pool was created
00:30:57,812  INFO http-nio-8080-exec-5 ConnectionPool:getInstance:24 - Connection pool was created
00:35:58,521  INFO http-nio-8080-exec-6 ConnectionPool:getInstance:24 - Connection pool was created
00:40:09,399  INFO http-nio-8080-exec-7 ConnectionPool:getInstance:24 - Connection pool was created
13:40:29,520  INFO http-nio-8080-exec-3 ConnectionPool:getInstance:24 - Connection pool was created
13:40:31,931 ERROR http-nio-8080-exec-3 ConnectionPool:getConnection:39 - java.sql.SQLException: Cannot create PoolableConnectionFactory (Communications link failure

The last packet sent successfully to the server was 0 milliseconds ago. The driver has not received any packets from the server.) The pool of connections has problems with Datasource
14:42:06,061  INFO http-nio-8080-exec-10 ConnectionPool:getInstance:24 - Connection pool was created
14:49:47,020  INFO http-nio-8080-exec-7 ConnectionPool:getInstance:24 - Connection pool was created
14:52:58,995  INFO http-nio-8080-exec-5 ConnectionPool:getInstance:24 - Connection pool was created
14:54:43,441  INFO http-nio-8080-exec-6 ConnectionPool:getInstance:24 - Connection pool was created
14:57:55,097  INFO http-nio-8080-exec-5 ConnectionPool:getInstance:24 - Connection pool was created
14:58:59,921  INFO http-nio-8080-exec-5 ConnectionPool:getInstance:24 - Connection pool was created
15:00:17,950  INFO http-nio-8080-exec-5 ConnectionPool:getInstance:24 - Connection pool was created
15:07:12,897  INFO http-nio-8080-exec-6 ConnectionPool:getInstance:24 - Connection pool was created
15:14:29,764  INFO http-nio-8080-exec-6 ConnectionPool:getInstance:24 - Connection pool was created
18:22:06,076  INFO http-nio-8080-exec-8 ConnectionPool:getInstance:23 - Connection pool was created
18:23:03,760  INFO http-nio-8080-exec-1 RegistrationCommand:execute:55 - New account was created
18:27:48,609  INFO http-nio-8080-exec-7 ChangeSelectionCommand:execute:51 - Selection 122 was successfully changed
20:19:50,723  INFO http-nio-8080-exec-9 ConnectionPool:getInstance:23 - Connection pool was created
20:29:21,532  INFO http-nio-8080-exec-9 ConnectionPool:getInstance:23 - Connection pool was created
13:04:50,718  INFO http-nio-8080-exec-4 ConnectionPool:getInstance:23 - Connection pool was created
13:19:38,966  INFO http-nio-8080-exec-1 ChangeSelectionCommand:execute:53 - Selection 111 was successfully changed
13:30:56,949  INFO http-nio-8080-exec-10 RegistrationCommand:execute:56 - New account was created
13:42:54,730  INFO http-nio-8080-exec-2 RegistrationCommand:execute:56 - New account was created
11:29:41,196  INFO http-nio-8080-exec-6 ConnectionPool:getInstance:23 - Connection pool was created
11:32:02,018  INFO http-nio-8080-exec-5 ConnectionPool:getInstance:23 - Connection pool was created
11:34:20,541  WARN http-nio-8080-exec-10 RevokeVacancyCommand:execute:34 - Application no longer exists
11:34:21,036  WARN http-nio-8080-exec-1 RevokeVacancyCommand:execute:34 - Application no longer exists
11:34:21,202  WARN http-nio-8080-exec-2 RevokeVacancyCommand:execute:34 - Application no longer exists
11:34:21,386  WARN http-nio-8080-exec-3 RevokeVacancyCommand:execute:34 - Application no longer exists
11:34:21,575  WARN http-nio-8080-exec-4 RevokeVacancyCommand:execute:34 - Application no longer exists
11:34:21,750  WARN http-nio-8080-exec-5 RevokeVacancyCommand:execute:34 - Application no longer exists
11:34:21,922  WARN http-nio-8080-exec-6 RevokeVacancyCommand:execute:34 - Application no longer exists
11:34:22,149  WARN http-nio-8080-exec-7 RevokeVacancyCommand:execute:34 - Application no longer exists
11:34:32,302  WARN http-nio-8080-exec-9 RevokeVacancyCommand:execute:34 - Application no longer exists
11:57:57,382  INFO http-nio-8080-exec-10 ConnectionPool:getInstance:23 - Connection pool was created
12:02:35,898  INFO http-nio-8080-exec-8 ConnectionPool:getInstance:23 - Connection pool was created
12:08:09,077  INFO http-nio-8080-exec-8 ConnectionPool:getInstance:23 - Connection pool was created
12:45:45,488  INFO http-nio-8080-exec-7 ConnectionPool:getInstance:23 - Connection pool was created
12:58:50,001  INFO http-nio-8080-exec-9 ConnectionPool:getInstance:23 - Connection pool was created
13:22:00,554  WARN http-nio-8080-exec-9 RevokeVacancyCommand:execute:34 - Application no longer exists
13:22:02,530  WARN http-nio-8080-exec-2 RevokeVacancyCommand:execute:34 - Application no longer exists
13:22:03,654  WARN http-nio-8080-exec-3 RevokeVacancyCommand:execute:34 - Application no longer exists
13:22:04,267  WARN http-nio-8080-exec-4 RevokeVacancyCommand:execute:34 - Application no longer exists
13:22:04,633  WARN http-nio-8080-exec-5 RevokeVacancyCommand:execute:34 - Application no longer exists
13:22:05,762  WARN http-nio-8080-exec-6 RevokeVacancyCommand:execute:34 - Application no longer exists
13:22:06,774  WARN http-nio-8080-exec-7 RevokeVacancyCommand:execute:34 - Application no longer exists
13:22:07,188  WARN http-nio-8080-exec-9 RevokeVacancyCommand:execute:34 - Application no longer exists
13:22:07,988  WARN http-nio-8080-exec-10 RevokeVacancyCommand:execute:34 - Application no longer exists
13:22:08,180  WARN http-nio-8080-exec-1 RevokeVacancyCommand:execute:34 - Application no longer exists
13:22:09,650  WARN http-nio-8080-exec-2 RevokeVacancyCommand:execute:34 - Application no longer exists
13:22:09,834  WARN http-nio-8080-exec-3 RevokeVacancyCommand:execute:34 - Application no longer exists
13:22:09,992  WARN http-nio-8080-exec-4 RevokeVacancyCommand:execute:34 - Application no longer exists
13:22:10,141  WARN http-nio-8080-exec-5 RevokeVacancyCommand:execute:34 - Application no longer exists
13:22:10,292  WARN http-nio-8080-exec-6 RevokeVacancyCommand:execute:34 - Application no longer exists
13:22:10,457  WARN http-nio-8080-exec-7 RevokeVacancyCommand:execute:34 - Application no longer exists
13:22:10,627  WARN http-nio-8080-exec-8 RevokeVacancyCommand:execute:34 - Application no longer exists
13:22:10,815  WARN http-nio-8080-exec-9 RevokeVacancyCommand:execute:34 - Application no longer exists
13:22:10,991  WARN http-nio-8080-exec-10 RevokeVacancyCommand:execute:34 - Application no longer exists
13:25:22,978  INFO http-nio-8080-exec-3 EmptyCommand:execute:15 - Empty command
13:25:25,757  INFO http-nio-8080-exec-7 EmptyCommand:execute:15 - Empty command
13:31:04,479  INFO http-nio-8080-exec-3 ConnectionPool:getInstance:23 - Connection pool was created
13:32:57,071  INFO http-nio-8080-exec-7 EmptyCommand:execute:15 - Empty command
13:33:01,862  INFO http-nio-8080-exec-9 EmptyCommand:execute:15 - Empty command
13:33:15,696  INFO http-nio-8080-exec-3 ChangeSelectionCommand:execute:53 - Selection 122 was successfully changed
13:33:18,560  INFO http-nio-8080-exec-5 EmptyCommand:execute:15 - Empty command
13:33:38,246  INFO http-nio-8080-exec-3 EmptyCommand:execute:15 - Empty command
15:12:04,418  INFO http-nio-8080-exec-9 ConnectionPool:getInstance:23 - Connection pool was created
19:31:39,408  INFO http-nio-8080-exec-7 ConnectionPool:getInstance:39 - Connection pool was created
